{
  "RSpec": {
    "coverage": {
      "/Users/kyledrake/Dropbox/code/geoloqi/velociraptor/controller.rb": [
        1,
        1,
        1,
        1,
        3,
        null,
        1,
        1,
        1,
        0,
        0,
        null,
        null,
        1,
        null,
        null,
        null,
        null,
        null,
        null,
        1,
        1,
        1,
        1,
        null,
        null,
        0,
        0,
        null,
        0,
        0,
        null,
        null,
        0,
        null,
        null,
        0
      ],
      "/Users/kyledrake/Dropbox/code/geoloqi/velociraptor/controllers/widgets.rb": [
        1,
        0,
        0,
        null,
        null
      ]
    },
    "timestamp": 1327538410
  },
  "/Users/kyledrake/.rvm/gems/ruby-1.9.2-p290/gems/rake-0.9.2.2/lib/rake/rake_test_loader.rb ": {
    "coverage": {
      "/Users/kyledrake/Dropbox/code/geoloqi/velociraptor/environment.rb": [
        1,
        1,
        1,
        1,
        3,
        null,
        1,
        1,
        1,
        0,
        0,
        null,
        null,
        1,
        null,
        null,
        null,
        null,
        null,
        null,
        1,
        1,
        1,
        1,
        null,
        null,
        1,
        1,
        null,
        1,
        1,
        null,
        null,
        null,
        null,
        null,
        null,
        null,
        1,
        null,
        null,
        1,
        2
      ],
      "/Users/kyledrake/Dropbox/code/geoloqi/velociraptor/controllers/widgets.rb": [
        1,
        1,
        1,
        null,
        null
      ],
      "/Users/kyledrake/Dropbox/code/geoloqi/velociraptor/controller.rb": [
        1,
        1,
        1,
        null,
        null
      ],
      "/Users/kyledrake/Dropbox/code/geoloqi/velociraptor/spec/controllers/widgets_spec.rb": [
        1,
        null,
        1,
        1,
        1,
        null,
        null,
        1,
        1,
        1,
        1,
        1,
        null,
        null,
        null,
        null
      ]
    },
    "timestamp": 1327542221
  }
}
